Traceback (most recent call last):
  File "/opt/anaconda3/anaconda3/lib/python3.11/site-packages/jupyter_cache/executors/utils.py", line 58, in single_nb_execution
    executenb(
  File "/opt/anaconda3/anaconda3/lib/python3.11/site-packages/nbclient/client.py", line 1305, in execute
    return NotebookClient(nb=nb, resources=resources, km=km, **kwargs).execute()
           ^^^^^^^^^^^^^^^^^^^^^^^^^^^^^^^^^^^^^^^^^^^^^^^^^^^^^^^^^^^^^^^^^^^^^
  File "/opt/anaconda3/anaconda3/lib/python3.11/site-packages/jupyter_core/utils/__init__.py", line 173, in wrapped
    return loop.run_until_complete(inner)
           ^^^^^^^^^^^^^^^^^^^^^^^^^^^^^^
  File "/opt/anaconda3/anaconda3/lib/python3.11/asyncio/base_events.py", line 653, in run_until_complete
    return future.result()
           ^^^^^^^^^^^^^^^
  File "/opt/anaconda3/anaconda3/lib/python3.11/site-packages/nbclient/client.py", line 705, in async_execute
    await self.async_execute_cell(
  File "/opt/anaconda3/anaconda3/lib/python3.11/site-packages/nbclient/client.py", line 1058, in async_execute_cell
    await self._check_raise_for_error(cell, cell_index, exec_reply)
  File "/opt/anaconda3/anaconda3/lib/python3.11/site-packages/nbclient/client.py", line 914, in _check_raise_for_error
    raise CellExecutionError.from_cell_and_msg(cell, exec_reply_content)
nbclient.exceptions.CellExecutionError: An error occurred while executing the following cell:
------------------
# output the relevant descriptive statistics
heartRate.quantile([0.25,0.5,0.75])
------------------


[0;31m---------------------------------------------------------------------------[0m
[0;31mTypeError[0m                                 Traceback (most recent call last)
Cell [0;32mIn[17], line 2[0m
[1;32m      1[0m [38;5;66;03m# output the relevant descriptive statistics[39;00m
[0;32m----> 2[0m heartRate[38;5;241m.[39mquantile([[38;5;241m0.25[39m,[38;5;241m0.5[39m,[38;5;241m0.75[39m])

File [0;32m/opt/anaconda3/anaconda3/lib/python3.11/site-packages/pandas/core/frame.py:11831[0m, in [0;36mDataFrame.quantile[0;34m(self, q, axis, numeric_only, interpolation, method)[0m
[1;32m  11827[0m     [38;5;28;01mraise[39;00m [38;5;167;01mValueError[39;00m(
[1;32m  11828[0m         [38;5;124mf[39m[38;5;124m"[39m[38;5;124mInvalid method: [39m[38;5;132;01m{[39;00mmethod[38;5;132;01m}[39;00m[38;5;124m. Method must be in [39m[38;5;132;01m{[39;00mvalid_method[38;5;132;01m}[39;00m[38;5;124m.[39m[38;5;124m"[39m
[1;32m  11829[0m     )
[1;32m  11830[0m [38;5;28;01mif[39;00m method [38;5;241m==[39m [38;5;124m"[39m[38;5;124msingle[39m[38;5;124m"[39m:
[0;32m> 11831[0m     res [38;5;241m=[39m data[38;5;241m.[39m_mgr[38;5;241m.[39mquantile(qs[38;5;241m=[39mq, interpolation[38;5;241m=[39minterpolation)
[1;32m  11832[0m [38;5;28;01melif[39;00m method [38;5;241m==[39m [38;5;124m"[39m[38;5;124mtable[39m[38;5;124m"[39m:
[1;32m  11833[0m     valid_interpolation [38;5;241m=[39m {[38;5;124m"[39m[38;5;124mnearest[39m[38;5;124m"[39m, [38;5;124m"[39m[38;5;124mlower[39m[38;5;124m"[39m, [38;5;124m"[39m[38;5;124mhigher[39m[38;5;124m"[39m}

File [0;32m/opt/anaconda3/anaconda3/lib/python3.11/site-packages/pandas/core/internals/managers.py:1507[0m, in [0;36mBlockManager.quantile[0;34m(self, qs, interpolation)[0m
[1;32m   1504[0m new_axes [38;5;241m=[39m [38;5;28mlist[39m([38;5;28mself[39m[38;5;241m.[39maxes)
[1;32m   1505[0m new_axes[[38;5;241m1[39m] [38;5;241m=[39m Index(qs, dtype[38;5;241m=[39mnp[38;5;241m.[39mfloat64)
[0;32m-> 1507[0m blocks [38;5;241m=[39m [
[1;32m   1508[0m     blk[38;5;241m.[39mquantile(qs[38;5;241m=[39mqs, interpolation[38;5;241m=[39minterpolation) [38;5;28;01mfor[39;00m blk [38;5;129;01min[39;00m [38;5;28mself[39m[38;5;241m.[39mblocks
[1;32m   1509[0m ]
[1;32m   1511[0m [38;5;28;01mreturn[39;00m [38;5;28mtype[39m([38;5;28mself[39m)(blocks, new_axes)

File [0;32m/opt/anaconda3/anaconda3/lib/python3.11/site-packages/pandas/core/internals/managers.py:1508[0m, in [0;36m<listcomp>[0;34m(.0)[0m
[1;32m   1504[0m new_axes [38;5;241m=[39m [38;5;28mlist[39m([38;5;28mself[39m[38;5;241m.[39maxes)
[1;32m   1505[0m new_axes[[38;5;241m1[39m] [38;5;241m=[39m Index(qs, dtype[38;5;241m=[39mnp[38;5;241m.[39mfloat64)
[1;32m   1507[0m blocks [38;5;241m=[39m [
[0;32m-> 1508[0m     blk[38;5;241m.[39mquantile(qs[38;5;241m=[39mqs, interpolation[38;5;241m=[39minterpolation) [38;5;28;01mfor[39;00m blk [38;5;129;01min[39;00m [38;5;28mself[39m[38;5;241m.[39mblocks
[1;32m   1509[0m ]
[1;32m   1511[0m [38;5;28;01mreturn[39;00m [38;5;28mtype[39m([38;5;28mself[39m)(blocks, new_axes)

File [0;32m/opt/anaconda3/anaconda3/lib/python3.11/site-packages/pandas/core/internals/blocks.py:1587[0m, in [0;36mBlock.quantile[0;34m(self, qs, interpolation)[0m
[1;32m   1584[0m [38;5;28;01massert[39;00m [38;5;28mself[39m[38;5;241m.[39mndim [38;5;241m==[39m [38;5;241m2[39m
[1;32m   1585[0m [38;5;28;01massert[39;00m is_list_like(qs)  [38;5;66;03m# caller is responsible for this[39;00m
[0;32m-> 1587[0m result [38;5;241m=[39m quantile_compat([38;5;28mself[39m[38;5;241m.[39mvalues, np[38;5;241m.[39masarray(qs[38;5;241m.[39m_values), interpolation)
[1;32m   1588[0m [38;5;66;03m# ensure_block_shape needed for cases where we start with EA and result[39;00m
[1;32m   1589[0m [38;5;66;03m#  is ndarray, e.g. IntegerArray, SparseArray[39;00m
[1;32m   1590[0m result [38;5;241m=[39m ensure_block_shape(result, ndim[38;5;241m=[39m[38;5;241m2[39m)

File [0;32m/opt/anaconda3/anaconda3/lib/python3.11/site-packages/pandas/core/array_algos/quantile.py:39[0m, in [0;36mquantile_compat[0;34m(values, qs, interpolation)[0m
[1;32m     37[0m     fill_value [38;5;241m=[39m na_value_for_dtype(values[38;5;241m.[39mdtype, compat[38;5;241m=[39m[38;5;28;01mFalse[39;00m)
[1;32m     38[0m     mask [38;5;241m=[39m isna(values)
[0;32m---> 39[0m     [38;5;28;01mreturn[39;00m quantile_with_mask(values, mask, fill_value, qs, interpolation)
[1;32m     40[0m [38;5;28;01melse[39;00m:
[1;32m     41[0m     [38;5;28;01mreturn[39;00m values[38;5;241m.[39m_quantile(qs, interpolation)

File [0;32m/opt/anaconda3/anaconda3/lib/python3.11/site-packages/pandas/core/array_algos/quantile.py:97[0m, in [0;36mquantile_with_mask[0;34m(values, mask, fill_value, qs, interpolation)[0m
[1;32m     95[0m     result [38;5;241m=[39m np[38;5;241m.[39mrepeat(flat, [38;5;28mlen[39m(values))[38;5;241m.[39mreshape([38;5;28mlen[39m(values), [38;5;28mlen[39m(qs))
[1;32m     96[0m [38;5;28;01melse[39;00m:
[0;32m---> 97[0m     result [38;5;241m=[39m _nanpercentile(
[1;32m     98[0m         values,
[1;32m     99[0m         qs [38;5;241m*[39m [38;5;241m100.0[39m,
[1;32m    100[0m         na_value[38;5;241m=[39mfill_value,
[1;32m    101[0m         mask[38;5;241m=[39mmask,
[1;32m    102[0m         interpolation[38;5;241m=[39minterpolation,
[1;32m    103[0m     )
[1;32m    105[0m     result [38;5;241m=[39m np[38;5;241m.[39marray(result, copy[38;5;241m=[39m[38;5;28;01mFalse[39;00m)
[1;32m    106[0m     result [38;5;241m=[39m result[38;5;241m.[39mT

File [0;32m/opt/anaconda3/anaconda3/lib/python3.11/site-packages/pandas/core/array_algos/quantile.py:218[0m, in [0;36m_nanpercentile[0;34m(values, qs, na_value, mask, interpolation)[0m
[1;32m    216[0m     [38;5;28;01mreturn[39;00m result
[1;32m    217[0m [38;5;28;01melse[39;00m:
[0;32m--> 218[0m     [38;5;28;01mreturn[39;00m np[38;5;241m.[39mpercentile(
[1;32m    219[0m         values,
[1;32m    220[0m         qs,
[1;32m    221[0m         axis[38;5;241m=[39m[38;5;241m1[39m,
[1;32m    222[0m         [38;5;66;03m# error: No overload variant of "percentile" matches argument types[39;00m
[1;32m    223[0m         [38;5;66;03m# "ndarray[Any, Any]", "ndarray[Any, dtype[floating[_64Bit]]]",[39;00m
[1;32m    224[0m         [38;5;66;03m# "int", "Dict[str, str]"  [call-overload][39;00m
[1;32m    225[0m         method[38;5;241m=[39minterpolation,  [38;5;66;03m# type: ignore[call-overload][39;00m
[1;32m    226[0m     )

File [0;32m/opt/anaconda3/anaconda3/lib/python3.11/site-packages/numpy/lib/function_base.py:4283[0m, in [0;36mpercentile[0;34m(a, q, axis, out, overwrite_input, method, keepdims, interpolation)[0m
[1;32m   4281[0m [38;5;28;01mif[39;00m [38;5;129;01mnot[39;00m _quantile_is_valid(q):
[1;32m   4282[0m     [38;5;28;01mraise[39;00m [38;5;167;01mValueError[39;00m([38;5;124m"[39m[38;5;124mPercentiles must be in the range [0, 100][39m[38;5;124m"[39m)
[0;32m-> 4283[0m [38;5;28;01mreturn[39;00m _quantile_unchecked(
[1;32m   4284[0m     a, q, axis, out, overwrite_input, method, keepdims)

File [0;32m/opt/anaconda3/anaconda3/lib/python3.11/site-packages/numpy/lib/function_base.py:4555[0m, in [0;36m_quantile_unchecked[0;34m(a, q, axis, out, overwrite_input, method, keepdims)[0m
[1;32m   4547[0m [38;5;28;01mdef[39;00m [38;5;21m_quantile_unchecked[39m(a,
[1;32m   4548[0m                         q,
[1;32m   4549[0m                         axis[38;5;241m=[39m[38;5;28;01mNone[39;00m,
[0;32m   (...)[0m
[1;32m   4552[0m                         method[38;5;241m=[39m[38;5;124m"[39m[38;5;124mlinear[39m[38;5;124m"[39m,
[1;32m   4553[0m                         keepdims[38;5;241m=[39m[38;5;28;01mFalse[39;00m):
[1;32m   4554[0m [38;5;250m    [39m[38;5;124;03m"""Assumes that q is in [0, 1], and is an ndarray"""[39;00m
[0;32m-> 4555[0m     [38;5;28;01mreturn[39;00m _ureduce(a,
[1;32m   4556[0m                     func[38;5;241m=[39m_quantile_ureduce_func,
[1;32m   4557[0m                     q[38;5;241m=[39mq,
[1;32m   4558[0m                     keepdims[38;5;241m=[39mkeepdims,
[1;32m   4559[0m                     axis[38;5;241m=[39maxis,
[1;32m   4560[0m                     out[38;5;241m=[39mout,
[1;32m   4561[0m                     overwrite_input[38;5;241m=[39moverwrite_input,
[1;32m   4562[0m                     method[38;5;241m=[39mmethod)

File [0;32m/opt/anaconda3/anaconda3/lib/python3.11/site-packages/numpy/lib/function_base.py:3823[0m, in [0;36m_ureduce[0;34m(a, func, keepdims, **kwargs)[0m
[1;32m   3820[0m             index_out [38;5;241m=[39m ([38;5;241m0[39m, ) [38;5;241m*[39m nd
[1;32m   3821[0m             kwargs[[38;5;124m'[39m[38;5;124mout[39m[38;5;124m'[39m] [38;5;241m=[39m out[([38;5;28mEllipsis[39m, ) [38;5;241m+[39m index_out]
[0;32m-> 3823[0m r [38;5;241m=[39m func(a, [38;5;241m*[39m[38;5;241m*[39mkwargs)
[1;32m   3825[0m [38;5;28;01mif[39;00m out [38;5;129;01mis[39;00m [38;5;129;01mnot[39;00m [38;5;28;01mNone[39;00m:
[1;32m   3826[0m     [38;5;28;01mreturn[39;00m out

File [0;32m/opt/anaconda3/anaconda3/lib/python3.11/site-packages/numpy/lib/function_base.py:4721[0m, in [0;36m_quantile_ureduce_func[0;34m(a, q, axis, out, overwrite_input, method)[0m
[1;32m   4719[0m     [38;5;28;01melse[39;00m:
[1;32m   4720[0m         arr [38;5;241m=[39m a[38;5;241m.[39mcopy()
[0;32m-> 4721[0m result [38;5;241m=[39m _quantile(arr,
[1;32m   4722[0m                    quantiles[38;5;241m=[39mq,
[1;32m   4723[0m                    axis[38;5;241m=[39maxis,
[1;32m   4724[0m                    method[38;5;241m=[39mmethod,
[1;32m   4725[0m                    out[38;5;241m=[39mout)
[1;32m   4726[0m [38;5;28;01mreturn[39;00m result

File [0;32m/opt/anaconda3/anaconda3/lib/python3.11/site-packages/numpy/lib/function_base.py:4840[0m, in [0;36m_quantile[0;34m(arr, quantiles, axis, method, out)[0m
[1;32m   4838[0m     result_shape [38;5;241m=[39m virtual_indexes[38;5;241m.[39mshape [38;5;241m+[39m ([38;5;241m1[39m,) [38;5;241m*[39m (arr[38;5;241m.[39mndim [38;5;241m-[39m [38;5;241m1[39m)
[1;32m   4839[0m     gamma [38;5;241m=[39m gamma[38;5;241m.[39mreshape(result_shape)
[0;32m-> 4840[0m     result [38;5;241m=[39m _lerp(previous,
[1;32m   4841[0m                    [38;5;28mnext[39m,
[1;32m   4842[0m                    gamma,
[1;32m   4843[0m                    out[38;5;241m=[39mout)
[1;32m   4844[0m [38;5;28;01mif[39;00m np[38;5;241m.[39many(slices_having_nans):
[1;32m   4845[0m     [38;5;28;01mif[39;00m result[38;5;241m.[39mndim [38;5;241m==[39m [38;5;241m0[39m [38;5;129;01mand[39;00m out [38;5;129;01mis[39;00m [38;5;28;01mNone[39;00m:
[1;32m   4846[0m         [38;5;66;03m# can't write to a scalar, but indexing will be correct[39;00m

File [0;32m/opt/anaconda3/anaconda3/lib/python3.11/site-packages/numpy/lib/function_base.py:4655[0m, in [0;36m_lerp[0;34m(a, b, t, out)[0m
[1;32m   4641[0m [38;5;28;01mdef[39;00m [38;5;21m_lerp[39m(a, b, t, out[38;5;241m=[39m[38;5;28;01mNone[39;00m):
[1;32m   4642[0m [38;5;250m    [39m[38;5;124;03m"""[39;00m
[1;32m   4643[0m [38;5;124;03m    Compute the linear interpolation weighted by gamma on each point of[39;00m
[1;32m   4644[0m [38;5;124;03m    two same shape array.[39;00m
[0;32m   (...)[0m
[1;32m   4653[0m [38;5;124;03m        Output array.[39;00m
[1;32m   4654[0m [38;5;124;03m    """[39;00m
[0;32m-> 4655[0m     diff_b_a [38;5;241m=[39m subtract(b, a)
[1;32m   4656[0m     [38;5;66;03m# asanyarray is a stop-gap until gh-13105[39;00m
[1;32m   4657[0m     lerp_interpolation [38;5;241m=[39m asanyarray(add(a, diff_b_a [38;5;241m*[39m t, out[38;5;241m=[39mout))

[0;31mTypeError[0m: unsupported operand type(s) for -: 'str' and 'str'

